Flow report for MIPSCPU
Sun Mar 03 21:19:02 2013
Quartus II 32-bit Version 11.1 Build 173 11/01/2011 SJ Web Edition


---------------------
; Table of Contents ;
---------------------
  1. Legal Notice
  2. Flow Summary
  3. Flow Settings
  4. Flow Non-Default Global Settings
  5. Flow Elapsed Time
  6. Flow OS Summary
  7. Flow Log



----------------
; Legal Notice ;
----------------
Copyright (C) 1991-2011 Altera Corporation
Your use of Altera Corporation's design tools, logic functions 
and other software and tools, and its AMPP partner logic 
functions, and any output files from any of the foregoing 
(including device programming or simulation files), and any 
associated documentation or information are expressly subject 
to the terms and conditions of the Altera Program License 
Subscription Agreement, Altera MegaCore Function License 
Agreement, or other applicable license agreement, including, 
without limitation, that your use is for the sole purpose of 
programming logic devices manufactured by Altera and sold by 
Altera or its authorized distributors.  Please refer to the 
applicable agreement for further details.



+-------------------------------------------------------------------------------+
; Flow Summary                                                                  ;
+------------------------------------+------------------------------------------+
; Flow Status                        ; Successful - Sun Mar 03 21:19:02 2013    ;
; Quartus II 32-bit Version          ; 11.1 Build 173 11/01/2011 SJ Web Edition ;
; Revision Name                      ; MIPSCPU                                  ;
; Top-level Entity Name              ; processor                                ;
; Family                             ; Cyclone II                               ;
; Device                             ; EP2C35F672C6                             ;
; Timing Models                      ; Final                                    ;
; Total logic elements               ; 2,300 / 33,216 ( 7 % )                   ;
;     Total combinational functions  ; 2,183 / 33,216 ( 7 % )                   ;
;     Dedicated logic registers      ; 825 / 33,216 ( 2 % )                     ;
; Total registers                    ; 825                                      ;
; Total pins                         ; 214 / 475 ( 45 % )                       ;
; Total virtual pins                 ; 0                                        ;
; Total memory bits                  ; 100,454 / 483,840 ( 21 % )               ;
; Embedded Multiplier 9-bit elements ; 0 / 70 ( 0 % )                           ;
; Total PLLs                         ; 0 / 4 ( 0 % )                            ;
+------------------------------------+------------------------------------------+


+-----------------------------------------+
; Flow Settings                           ;
+-------------------+---------------------+
; Option            ; Setting             ;
+-------------------+---------------------+
; Start date & time ; 03/03/2013 21:17:27 ;
; Main task         ; Compilation         ;
; Revision Name     ; MIPSCPU             ;
+-------------------+---------------------+


+----------------------------------------------------------------------------------------------------------------------+
; Flow Non-Default Global Settings                                                                                     ;
+-------------------------------------+---------------------------------+---------------+-------------+----------------+
; Assignment Name                     ; Value                           ; Default Value ; Entity Name ; Section Id     ;
+-------------------------------------+---------------------------------+---------------+-------------+----------------+
; COMPILER_SIGNATURE_ID               ; 115052584565110.136237424606900 ; --            ; --          ; --             ;
; EDA_OUTPUT_DATA_FORMAT              ; Verilog Hdl                     ; --            ; --          ; eda_simulation ;
; EDA_SIMULATION_TOOL                 ; ModelSim-Altera (Verilog)       ; <None>        ; --          ; --             ;
; MAX_CORE_JUNCTION_TEMP              ; 85                              ; --            ; --          ; --             ;
; MIN_CORE_JUNCTION_TEMP              ; 0                               ; --            ; --          ; --             ;
; PARTITION_COLOR                     ; 16764057                        ; --            ; processor   ; Top            ;
; PARTITION_FITTER_PRESERVATION_LEVEL ; PLACEMENT_AND_ROUTING           ; --            ; processor   ; Top            ;
; PARTITION_NETLIST_TYPE              ; SOURCE                          ; --            ; processor   ; Top            ;
; TOP_LEVEL_ENTITY                    ; processor                       ; MIPSCPU       ; --          ; --             ;
+-------------------------------------+---------------------------------+---------------+-------------+----------------+


+-------------------------------------------------------------------------------------------------------------------------------+
; Flow Elapsed Time                                                                                                             ;
+---------------------------+--------------+-------------------------+---------------------+------------------------------------+
; Module Name               ; Elapsed Time ; Average Processors Used ; Peak Virtual Memory ; Total CPU Time (on all processors) ;
+---------------------------+--------------+-------------------------+---------------------+------------------------------------+
; Analysis & Synthesis      ; 00:00:35     ; 1.0                     ; 322 MB              ; 00:00:32                           ;
; Fitter                    ; 00:00:35     ; 1.0                     ; 425 MB              ; 00:00:31                           ;
; Assembler                 ; 00:00:06     ; 1.0                     ; 331 MB              ; 00:00:03                           ;
; TimeQuest Timing Analyzer ; 00:00:11     ; 1.0                     ; 304 MB              ; 00:00:06                           ;
; EDA Netlist Writer        ; 00:00:04     ; 1.0                     ; 272 MB              ; 00:00:03                           ;
; Total                     ; 00:01:31     ; --                      ; --                  ; 00:01:15                           ;
+---------------------------+--------------+-------------------------+---------------------+------------------------------------+


+----------------------------------------------------------------------------------------+
; Flow OS Summary                                                                        ;
+---------------------------+------------------+-----------+------------+----------------+
; Module Name               ; Machine Hostname ; OS Name   ; OS Version ; Processor type ;
+---------------------------+------------------+-----------+------------+----------------+
; Analysis & Synthesis      ; Raymond-PC       ; Windows 7 ; 6.1        ; x86_64         ;
; Fitter                    ; Raymond-PC       ; Windows 7 ; 6.1        ; x86_64         ;
; Assembler                 ; Raymond-PC       ; Windows 7 ; 6.1        ; x86_64         ;
; TimeQuest Timing Analyzer ; Raymond-PC       ; Windows 7 ; 6.1        ; x86_64         ;
; EDA Netlist Writer        ; Raymond-PC       ; Windows 7 ; 6.1        ; x86_64         ;
+---------------------------+------------------+-----------+------------+----------------+


------------
; Flow Log ;
------------
quartus_map --read_settings_files=on --write_settings_files=off MIPSCPU -c MIPSCPU
quartus_fit --read_settings_files=off --write_settings_files=off MIPSCPU -c MIPSCPU
quartus_asm --read_settings_files=off --write_settings_files=off MIPSCPU -c MIPSCPU
quartus_sta MIPSCPU -c MIPSCPU
quartus_eda --read_settings_files=off --write_settings_files=off MIPSCPU -c MIPSCPU



